<?xml version="1.0" encoding="UTF-8"?>
<testng-results ignored="0" total="1" passed="1" failed="0" skipped="0">
  <reporter-output>
  </reporter-output>
  <suite started-at="2024-10-19T21:56:27 IST" name="Suite" finished-at="2024-10-19T21:56:42 IST" duration-ms="15109">
    <groups>
    </groups>
    <test started-at="2024-10-19T21:56:27 IST" name="Test" finished-at="2024-10-19T21:56:42 IST" duration-ms="15109">
      <class name="testCases.TC02">
        <test-method is-config="true" signature="setup(java.lang.String,java.lang.String)[pri:0, instance:testCases.TC02@48aca48b]" started-at="2024-10-19T21:56:27 IST" name="setup" finished-at="2024-10-19T21:56:37 IST" duration-ms="10563" status="PASS">
          <params>
            <param index="0">
              <value>
                <![CDATA[windows]]>
              </value>
            </param>
            <param index="1">
              <value>
                <![CDATA[chrome]]>
              </value>
            </param>
          </params>
          <reporter-output>
          </reporter-output>
        </test-method> <!-- setup -->
        <test-method signature="verify_TC02_Login()[pri:0, instance:testCases.TC02@48aca48b]" started-at="2024-10-19T21:56:37 IST" name="verify_TC02_Login" finished-at="2024-10-19T21:56:42 IST" duration-ms="4500" status="PASS">
          <reporter-output>
          </reporter-output>
        </test-method> <!-- verify_TC02_Login -->
        <test-method is-config="true" signature="tearDown()[pri:0, instance:testCases.TC02@48aca48b]" started-at="2024-10-19T21:56:42 IST" name="tearDown" finished-at="2024-10-19T21:56:42 IST" duration-ms="7" status="PASS">
          <reporter-output>
          </reporter-output>
        </test-method> <!-- tearDown -->
      </class> <!-- testCases.TC02 -->
    </test> <!-- Test -->
  </suite> <!-- Suite -->
</testng-results>
